<?xml version="1.0" encoding="UTF-8"?>
<!-- Generated by org.testng.reporters.JUnitReportReporter -->
<testsuite hostname="LAPTOP-8LJTT94D" failures="0" tests="5" name="RunnerDemo.RunnerClass" time="44.112" errors="0" timestamp="2025-08-01T13:48:32 IST" skipped="0">
  <testcase classname="RunnerDemo.RunnerClass" name="runScenario" time="6.513"/>
  <testcase classname="RunnerDemo.RunnerClass" name="runScenario" time="11.150"/>
  <testcase classname="RunnerDemo.RunnerClass" name="runScenario" time="7.993"/>
  <testcase classname="RunnerDemo.RunnerClass" name="runScenario" time="8.763"/>
  <testcase classname="RunnerDemo.RunnerClass" name="runScenario" time="9.693"/>
</testsuite> <!-- RunnerDemo.RunnerClass -->
